2021-03-09 17:28:43,572 ERROR [main] - Statistics - Statistics file `C:\Users\honor\.scalaide\statistics` is corrupted. A new one is being created. Corrupted content was:

com.cedarsoftware.util.io.JsonIoException: error parsing JSON value
	at com.cedarsoftware.util.io.JsonReader.readObject(JsonReader.java:529)
	at com.cedarsoftware.util.io.JsonReader.jsonToJava(JsonReader.java:289)
	at com.cedarsoftware.util.io.JsonReader.jsonToJava(JsonReader.java:262)
	at org.scalaide.core.internal.statistics.Statistics.read(Statistics.scala:74)
	at org.scalaide.core.internal.statistics.Statistics.$anonfun$readStats$1(Statistics.scala:52)
	at org.scalaide.core.internal.statistics.Statistics.$anonfun$readStats$1$adapted(Statistics.scala:51)
	at org.scalaide.core.ScalaIdeDataStore$.$anonfun$validate$2(ScalaIdeDataStore.scala:59)
	at org.scalaide.util.eclipse.EclipseUtils$$anon$3.run(EclipseUtils.scala:230)
	at org.eclipse.core.runtime.SafeRunner.run(SafeRunner.java:42)
	at org.scalaide.util.eclipse.EclipseUtils$.withSafeRunner(EclipseUtils.scala:226)
	at org.scalaide.core.ScalaIdeDataStore$.validate(ScalaIdeDataStore.scala:59)
	at org.scalaide.core.internal.statistics.Statistics.readStats(Statistics.scala:51)
	at org.scalaide.core.internal.statistics.Statistics.<init>(Statistics.scala:30)
	at org.scalaide.core.internal.ScalaPlugin.stats$lzycompute(ScalaPlugin.scala:135)
	at org.scalaide.core.internal.ScalaPlugin.stats(ScalaPlugin.scala:135)
	at org.scalaide.core.internal.ScalaPlugin.statistics(ScalaPlugin.scala:138)
	at org.scalaide.core.internal.ScalaPlugin.start(ScalaPlugin.scala:109)
	at org.eclipse.osgi.internal.framework.BundleContextImpl$3.run(BundleContextImpl.java:779)
	at org.eclipse.osgi.internal.framework.BundleContextImpl$3.run(BundleContextImpl.java:1)
	at java.security.AccessController.doPrivileged(Native Method)
	at org.eclipse.osgi.internal.framework.BundleContextImpl.startActivator(BundleContextImpl.java:772)
	at org.eclipse.osgi.internal.framework.BundleContextImpl.start(BundleContextImpl.java:729)
	at org.eclipse.osgi.internal.framework.EquinoxBundle.startWorker0(EquinoxBundle.java:933)
	at org.eclipse.osgi.internal.framework.EquinoxBundle$EquinoxModule.startWorker(EquinoxBundle.java:309)
	at org.eclipse.osgi.container.Module.doStart(Module.java:581)
	at org.eclipse.osgi.container.Module.start(Module.java:449)
	at org.eclipse.osgi.framework.util.SecureAction.start(SecureAction.java:468)
	at org.eclipse.osgi.internal.hooks.EclipseLazyStarter.postFindLocalClass(EclipseLazyStarter.java:103)
	at org.eclipse.osgi.internal.loader.classpath.ClasspathManager.findLocalClass(ClasspathManager.java:529)
	at org.eclipse.osgi.internal.loader.ModuleClassLoader.findLocalClass(ModuleClassLoader.java:328)
	at org.eclipse.osgi.internal.loader.BundleLoader.findLocalClass(BundleLoader.java:368)
	at org.eclipse.osgi.internal.loader.BundleLoader.findClassInternal(BundleLoader.java:446)
	at org.eclipse.osgi.internal.loader.BundleLoader.findClass(BundleLoader.java:395)
	at org.eclipse.osgi.internal.loader.BundleLoader.findClass(BundleLoader.java:387)
	at org.eclipse.osgi.internal.loader.ModuleClassLoader.loadClass(ModuleClassLoader.java:150)
	at java.lang.ClassLoader.loadClass(ClassLoader.java:351)
	at org.eclipse.osgi.internal.framework.EquinoxBundle.loadClass(EquinoxBundle.java:564)
	at org.eclipse.core.internal.registry.osgi.RegistryStrategyOSGI.createExecutableExtension(RegistryStrategyOSGI.java:174)
	at org.eclipse.core.internal.registry.ExtensionRegistry.createExecutableExtension(ExtensionRegistry.java:905)
	at org.eclipse.core.internal.registry.ConfigurationElement.createExecutableExtension(ConfigurationElement.java:243)
	at org.eclipse.core.internal.registry.ConfigurationElementHandle.createExecutableExtension(ConfigurationElementHandle.java:55)
	at org.eclipse.ui.internal.registry.PerspectiveDescriptor.createFactory(PerspectiveDescriptor.java:75)
	at org.eclipse.ui.internal.WorkbenchPage.createPerspective(WorkbenchPage.java:4172)
	at org.eclipse.ui.internal.WorkbenchPage.setPerspective(WorkbenchPage.java:4081)
	at org.eclipse.ui.internal.WorkbenchWindow.setup(WorkbenchWindow.java:744)
	at sun.reflect.NativeMethodAccessorImpl.invoke0(Native Method)
	at sun.reflect.NativeMethodAccessorImpl.invoke(NativeMethodAccessorImpl.java:62)
	at sun.reflect.DelegatingMethodAccessorImpl.invoke(DelegatingMethodAccessorImpl.java:43)
	at java.lang.reflect.Method.invoke(Method.java:498)
	at org.eclipse.e4.core.internal.di.MethodRequestor.execute(MethodRequestor.java:55)
	at org.eclipse.e4.core.internal.di.InjectorImpl.processAnnotated(InjectorImpl.java:990)
	at org.eclipse.e4.core.internal.di.InjectorImpl.inject(InjectorImpl.java:124)
	at org.eclipse.e4.core.internal.di.InjectorImpl.inject(InjectorImpl.java:91)
	at org.eclipse.e4.core.contexts.ContextInjectionFactory.inject(ContextInjectionFactory.java:73)
	at org.eclipse.ui.internal.Workbench.createWorkbenchWindow(Workbench.java:1494)
	at org.eclipse.ui.internal.Workbench.getActiveWorkbenchWindow(Workbench.java:1468)
	at org.eclipse.ui.internal.services.WorkbenchSourceProvider.updateActiveShell(WorkbenchSourceProvider.java:907)
	at org.eclipse.ui.internal.services.WorkbenchSourceProvider.getCurrentState(WorkbenchSourceProvider.java:115)
	at org.eclipse.ui.internal.services.WorkbenchSourceProvider.lambda$2(WorkbenchSourceProvider.java:668)
	at org.eclipse.swt.widgets.EventTable.sendEvent(EventTable.java:86)
	at org.eclipse.swt.widgets.Display.filterEvent(Display.java:1271)
	at org.eclipse.swt.widgets.Widget.sendEvent(Widget.java:1078)
	at org.eclipse.swt.widgets.Widget.sendEvent(Widget.java:1103)
	at org.eclipse.swt.widgets.Widget.sendEvent(Widget.java:1088)
	at org.eclipse.swt.widgets.Decorations.WM_ACTIVATE(Decorations.java:1698)
	at org.eclipse.swt.widgets.Shell.WM_ACTIVATE(Shell.java:2277)
	at org.eclipse.swt.widgets.Control.windowProc(Control.java:4840)
	at org.eclipse.swt.widgets.Canvas.windowProc(Canvas.java:359)
	at org.eclipse.swt.widgets.Decorations.windowProc(Decorations.java:1657)
	at org.eclipse.swt.widgets.Shell.windowProc(Shell.java:2199)
	at org.eclipse.swt.widgets.Display.windowProc(Display.java:5178)
	at org.eclipse.swt.internal.win32.OS.BringWindowToTop(Native Method)
	at org.eclipse.swt.widgets.Decorations.bringToTop(Decorations.java:232)
	at org.eclipse.swt.widgets.Shell.open(Shell.java:1270)
	at org.eclipse.e4.ui.workbench.renderers.swt.WBWRenderer.postProcess(WBWRenderer.java:784)
	at org.eclipse.e4.ui.internal.workbench.swt.PartRenderingEngine.safeCreateGui(PartRenderingEngine.java:679)
	at org.eclipse.e4.ui.internal.workbench.swt.PartRenderingEngine.safeCreateGui(PartRenderingEngine.java:767)
	at org.eclipse.e4.ui.internal.workbench.swt.PartRenderingEngine.access$0(PartRenderingEngine.java:738)
	at org.eclipse.e4.ui.internal.workbench.swt.PartRenderingEngine$2.run(PartRenderingEngine.java:732)
	at org.eclipse.core.runtime.SafeRunner.run(SafeRunner.java:42)
	at org.eclipse.e4.ui.internal.workbench.swt.PartRenderingEngine.createGui(PartRenderingEngine.java:716)
	at org.eclipse.e4.ui.internal.workbench.swt.PartRenderingEngine$5.run(PartRenderingEngine.java:1076)
	at org.eclipse.core.databinding.observable.Realm.runWithDefault(Realm.java:336)
	at org.eclipse.e4.ui.internal.workbench.swt.PartRenderingEngine.run(PartRenderingEngine.java:1039)
	at org.eclipse.e4.ui.internal.workbench.E4Workbench.createAndRunUI(E4Workbench.java:153)
	at org.eclipse.ui.internal.Workbench.lambda$3(Workbench.java:680)
	at org.eclipse.core.databinding.observable.Realm.runWithDefault(Realm.java:336)
	at org.eclipse.ui.internal.Workbench.createAndRunWorkbench(Workbench.java:594)
	at org.eclipse.ui.PlatformUI.createAndRunWorkbench(PlatformUI.java:148)
	at org.eclipse.ui.internal.ide.application.IDEApplication.start(IDEApplication.java:151)
	at org.eclipse.equinox.internal.app.EclipseAppHandle.run(EclipseAppHandle.java:196)
	at org.eclipse.core.runtime.internal.adaptor.EclipseAppLauncher.runApplication(EclipseAppLauncher.java:134)
	at org.eclipse.core.runtime.internal.adaptor.EclipseAppLauncher.start(EclipseAppLauncher.java:104)
	at org.eclipse.core.runtime.adaptor.EclipseStarter.run(EclipseStarter.java:388)
	at org.eclipse.core.runtime.adaptor.EclipseStarter.run(EclipseStarter.java:243)
	at sun.reflect.NativeMethodAccessorImpl.invoke0(Native Method)
	at sun.reflect.NativeMethodAccessorImpl.invoke(NativeMethodAccessorImpl.java:62)
	at sun.reflect.DelegatingMethodAccessorImpl.invoke(DelegatingMethodAccessorImpl.java:43)
	at java.lang.reflect.Method.invoke(Method.java:498)
	at org.eclipse.equinox.launcher.Main.invokeFramework(Main.java:653)
	at org.eclipse.equinox.launcher.Main.basicRun(Main.java:590)
	at org.eclipse.equinox.launcher.Main.run(Main.java:1499)
Caused by: com.cedarsoftware.util.io.JsonIoException: EOF reached prematurely
	at com.cedarsoftware.util.io.JsonParser.error(JsonParser.java:584)
	at com.cedarsoftware.util.io.JsonParser.readValue(JsonParser.java:278)
	at com.cedarsoftware.util.io.JsonReader.readObject(JsonReader.java:521)
	... 101 more
2021-03-09 17:29:22,879  WARN [main] - ScalaProject - Project   has platform default sourceLevel.
2021-03-09 17:29:22,879  WARN [main] - ScalaProject - Project   runs on platform default installation.
2021-03-09 17:29:24,873  WARN [org.scalaide.ui.internal.reconciliation.ScalaReconciler] - ScalaProject - Project   has platform default sourceLevel.
2021-03-09 17:29:24,873  WARN [org.scalaide.ui.internal.reconciliation.ScalaReconciler] - ScalaProject - Project   runs on platform default installation.
2021-03-09 17:29:25,023 ERROR [main] - org.scala-ide.sdt.core - org.scala-ide.sdt.core - org.scala-ide.sdt.core - 0 - scala.reflect.internal.MissingRequirementError: object scala in compiler mirror not found.
2021-03-09 17:29:25,060 ERROR [main] - org.scala-ide.sdt.core - org.scala-ide.sdt.core - org.scala-ide.sdt.core - 0 - scala.reflect.internal.MissingRequirementError: object scala in compiler mirror not found.
2021-03-09 17:29:25,273  WARN [Text Viewer Hover Presenter] - ScalaProject - Project   has platform default sourceLevel.
2021-03-09 17:29:25,273  WARN [Text Viewer Hover Presenter] - ScalaProject - Project   runs on platform default installation.
2021-03-09 17:29:25,287  WARN [Text Viewer Hover Presenter] - ScalaProject - Project   has platform default sourceLevel.
2021-03-09 17:29:25,287  WARN [Text Viewer Hover Presenter] - ScalaProject - Project   runs on platform default installation.
2021-03-09 17:29:25,289 ERROR [main] - org.scala-ide.sdt.core - org.scala-ide.sdt.core - org.scala-ide.sdt.core - 0 - scala.reflect.internal.MissingRequirementError: object scala in compiler mirror not found.
2021-03-09 17:29:25,302 ERROR [main] - org.scala-ide.sdt.core - org.scala-ide.sdt.core - org.scala-ide.sdt.core - 0 - scala.reflect.internal.MissingRequirementError: object scala in compiler mirror not found.
2021-03-09 17:29:25,891  WARN [org.scalaide.ui.internal.reconciliation.ScalaReconciler] - ScalaProject - Project   has platform default sourceLevel.
2021-03-09 17:29:25,891  WARN [org.scalaide.ui.internal.reconciliation.ScalaReconciler] - ScalaProject - Project   runs on platform default installation.
2021-03-09 17:29:25,904 ERROR [main] - org.scala-ide.sdt.core - org.scala-ide.sdt.core - org.scala-ide.sdt.core - 0 - scala.reflect.internal.MissingRequirementError: object scala in compiler mirror not found.
2021-03-09 17:29:26,406  WARN [org.scalaide.ui.internal.reconciliation.ScalaReconciler] - ScalaProject - Project   has platform default sourceLevel.
2021-03-09 17:29:26,406  WARN [org.scalaide.ui.internal.reconciliation.ScalaReconciler] - ScalaProject - Project   runs on platform default installation.
2021-03-09 17:29:26,419 ERROR [main] - org.scala-ide.sdt.core - org.scala-ide.sdt.core - org.scala-ide.sdt.core - 0 - scala.reflect.internal.MissingRequirementError: object scala in compiler mirror not found.
2021-03-09 17:29:41,413  WARN [main] - ScalaProject - Project   has platform default sourceLevel.
2021-03-09 17:29:41,413  WARN [main] - ScalaProject - Project   runs on platform default installation.
2021-03-09 17:29:41,632 ERROR [main] - org.scala-ide.sdt.core - org.scala-ide.sdt.core - org.scala-ide.sdt.core - 0 - scala.reflect.internal.MissingRequirementError: object scala in compiler mirror not found.
2021-03-09 17:29:41,972  WARN [org.scalaide.ui.internal.reconciliation.ScalaReconciler] - ScalaProject - Project   has platform default sourceLevel.
2021-03-09 17:29:41,972  WARN [org.scalaide.ui.internal.reconciliation.ScalaReconciler] - ScalaProject - Project   runs on platform default installation.
2021-03-09 17:29:41,984 ERROR [main] - org.scala-ide.sdt.core - org.scala-ide.sdt.core - org.scala-ide.sdt.core - 0 - scala.reflect.internal.MissingRequirementError: object scala in compiler mirror not found.
2021-03-09 17:29:42,129  WARN [org.scalaide.ui.internal.reconciliation.ScalaReconciler] - ScalaProject - Project   has platform default sourceLevel.
2021-03-09 17:29:42,129  WARN [org.scalaide.ui.internal.reconciliation.ScalaReconciler] - ScalaProject - Project   runs on platform default installation.
2021-03-09 17:29:42,140 ERROR [main] - org.scala-ide.sdt.core - org.scala-ide.sdt.core - org.scala-ide.sdt.core - 0 - scala.reflect.internal.MissingRequirementError: object scala in compiler mirror not found.
2021-03-09 17:29:42,641  WARN [org.scalaide.ui.internal.reconciliation.ScalaReconciler] - ScalaProject - Project   has platform default sourceLevel.
2021-03-09 17:29:42,641  WARN [org.scalaide.ui.internal.reconciliation.ScalaReconciler] - ScalaProject - Project   runs on platform default installation.
2021-03-09 17:29:42,651 ERROR [main] - org.scala-ide.sdt.core - org.scala-ide.sdt.core - org.scala-ide.sdt.core - 0 - scala.reflect.internal.MissingRequirementError: object scala in compiler mirror not found.
2021-03-09 17:29:42,990  WARN [org.scalaide.ui.internal.reconciliation.ScalaReconciler] - ScalaProject - Project   has platform default sourceLevel.
2021-03-09 17:29:42,990  WARN [org.scalaide.ui.internal.reconciliation.ScalaReconciler] - ScalaProject - Project   runs on platform default installation.
2021-03-09 17:29:43,000 ERROR [main] - org.scala-ide.sdt.core - org.scala-ide.sdt.core - org.scala-ide.sdt.core - 0 - scala.reflect.internal.MissingRequirementError: object scala in compiler mirror not found.
2021-03-09 17:29:43,510  WARN [org.scalaide.ui.internal.reconciliation.ScalaReconciler] - ScalaProject - Project   has platform default sourceLevel.
2021-03-09 17:29:43,510  WARN [org.scalaide.ui.internal.reconciliation.ScalaReconciler] - ScalaProject - Project   runs on platform default installation.
2021-03-09 17:29:43,521 ERROR [main] - org.scala-ide.sdt.core - org.scala-ide.sdt.core - org.scala-ide.sdt.core - 0 - scala.reflect.internal.MissingRequirementError: object scala in compiler mirror not found.
2021-03-09 17:29:44,797  WARN [Text Viewer Hover Presenter] - ScalaProject - Project   has platform default sourceLevel.
2021-03-09 17:29:44,797  WARN [Text Viewer Hover Presenter] - ScalaProject - Project   runs on platform default installation.
2021-03-09 17:29:44,805  WARN [Text Viewer Hover Presenter] - ScalaProject - Project   has platform default sourceLevel.
2021-03-09 17:29:44,805  WARN [Text Viewer Hover Presenter] - ScalaProject - Project   runs on platform default installation.
2021-03-09 17:29:44,808 ERROR [main] - org.scala-ide.sdt.core - org.scala-ide.sdt.core - org.scala-ide.sdt.core - 0 - scala.reflect.internal.MissingRequirementError: object scala in compiler mirror not found.
2021-03-09 17:29:44,816 ERROR [main] - org.scala-ide.sdt.core - org.scala-ide.sdt.core - org.scala-ide.sdt.core - 0 - scala.reflect.internal.MissingRequirementError: object scala in compiler mirror not found.
2021-03-09 17:30:04,884  WARN [org.scalaide.ui.internal.reconciliation.ScalaReconciler] - ScalaProject - Project   has platform default sourceLevel.
2021-03-09 17:30:04,885  WARN [org.scalaide.ui.internal.reconciliation.ScalaReconciler] - ScalaProject - Project   runs on platform default installation.
2021-03-09 17:30:04,896 ERROR [main] - org.scala-ide.sdt.core - org.scala-ide.sdt.core - org.scala-ide.sdt.core - 0 - scala.reflect.internal.MissingRequirementError: object scala in compiler mirror not found.
2021-03-09 17:30:05,403  WARN [org.scalaide.ui.internal.reconciliation.ScalaReconciler] - ScalaProject - Project   has platform default sourceLevel.
2021-03-09 17:30:05,403  WARN [org.scalaide.ui.internal.reconciliation.ScalaReconciler] - ScalaProject - Project   runs on platform default installation.
2021-03-09 17:30:05,413 ERROR [main] - org.scala-ide.sdt.core - org.scala-ide.sdt.core - org.scala-ide.sdt.core - 0 - scala.reflect.internal.MissingRequirementError: object scala in compiler mirror not found.
2021-03-09 17:30:15,923  WARN [org.scalaide.ui.internal.reconciliation.ScalaReconciler] - ScalaProject - Project   has platform default sourceLevel.
2021-03-09 17:30:15,923  WARN [org.scalaide.ui.internal.reconciliation.ScalaReconciler] - ScalaProject - Project   runs on platform default installation.
2021-03-09 17:30:15,934 ERROR [main] - org.scala-ide.sdt.core - org.scala-ide.sdt.core - org.scala-ide.sdt.core - 0 - scala.reflect.internal.MissingRequirementError: object scala in compiler mirror not found.
2021-03-09 17:30:16,444  WARN [org.scalaide.ui.internal.reconciliation.ScalaReconciler] - ScalaProject - Project   has platform default sourceLevel.
2021-03-09 17:30:16,444  WARN [org.scalaide.ui.internal.reconciliation.ScalaReconciler] - ScalaProject - Project   runs on platform default installation.
2021-03-09 17:30:16,454 ERROR [main] - org.scala-ide.sdt.core - org.scala-ide.sdt.core - org.scala-ide.sdt.core - 0 - scala.reflect.internal.MissingRequirementError: object scala in compiler mirror not found.
2021-03-09 17:30:20,079  WARN [org.scalaide.ui.internal.reconciliation.ScalaReconciler] - ScalaProject - Project   has platform default sourceLevel.
2021-03-09 17:30:20,079  WARN [org.scalaide.ui.internal.reconciliation.ScalaReconciler] - ScalaProject - Project   runs on platform default installation.
2021-03-09 17:30:20,089 ERROR [main] - org.scala-ide.sdt.core - org.scala-ide.sdt.core - org.scala-ide.sdt.core - 0 - scala.reflect.internal.MissingRequirementError: object scala in compiler mirror not found.
2021-03-09 17:30:20,599  WARN [org.scalaide.ui.internal.reconciliation.ScalaReconciler] - ScalaProject - Project   has platform default sourceLevel.
2021-03-09 17:30:20,599  WARN [org.scalaide.ui.internal.reconciliation.ScalaReconciler] - ScalaProject - Project   runs on platform default installation.
2021-03-09 17:30:20,609 ERROR [main] - org.scala-ide.sdt.core - org.scala-ide.sdt.core - org.scala-ide.sdt.core - 0 - scala.reflect.internal.MissingRequirementError: object scala in compiler mirror not found.
2021-03-09 17:30:28,721  WARN [org.scalaide.ui.internal.reconciliation.ScalaReconciler] - ScalaProject - Project   has platform default sourceLevel.
2021-03-09 17:30:28,721  WARN [org.scalaide.ui.internal.reconciliation.ScalaReconciler] - ScalaProject - Project   runs on platform default installation.
2021-03-09 17:30:28,731 ERROR [main] - org.scala-ide.sdt.core - org.scala-ide.sdt.core - org.scala-ide.sdt.core - 0 - scala.reflect.internal.MissingRequirementError: object scala in compiler mirror not found.
2021-03-09 17:30:29,238  WARN [org.scalaide.ui.internal.reconciliation.ScalaReconciler] - ScalaProject - Project   has platform default sourceLevel.
2021-03-09 17:30:29,238  WARN [org.scalaide.ui.internal.reconciliation.ScalaReconciler] - ScalaProject - Project   runs on platform default installation.
2021-03-09 17:30:29,248 ERROR [main] - org.scala-ide.sdt.core - org.scala-ide.sdt.core - org.scala-ide.sdt.core - 0 - scala.reflect.internal.MissingRequirementError: object scala in compiler mirror not found.
2021-03-09 17:31:19,405  WARN [org.scalaide.ui.internal.reconciliation.ScalaReconciler] - ScalaProject - Project   has platform default sourceLevel.
2021-03-09 17:31:19,405  WARN [org.scalaide.ui.internal.reconciliation.ScalaReconciler] - ScalaProject - Project   runs on platform default installation.
2021-03-09 17:31:19,415 ERROR [main] - org.scala-ide.sdt.core - org.scala-ide.sdt.core - org.scala-ide.sdt.core - 0 - scala.reflect.internal.MissingRequirementError: object scala in compiler mirror not found.
2021-03-09 17:31:19,702  WARN [org.scalaide.ui.internal.reconciliation.ScalaReconciler] - ScalaProject - Project   has platform default sourceLevel.
2021-03-09 17:31:19,702  WARN [org.scalaide.ui.internal.reconciliation.ScalaReconciler] - ScalaProject - Project   runs on platform default installation.
2021-03-09 17:31:19,712 ERROR [main] - org.scala-ide.sdt.core - org.scala-ide.sdt.core - org.scala-ide.sdt.core - 0 - scala.reflect.internal.MissingRequirementError: object scala in compiler mirror not found.
2021-03-09 17:31:19,925  WARN [org.scalaide.ui.internal.reconciliation.ScalaReconciler] - ScalaProject - Project   has platform default sourceLevel.
2021-03-09 17:31:19,925  WARN [org.scalaide.ui.internal.reconciliation.ScalaReconciler] - ScalaProject - Project   runs on platform default installation.
2021-03-09 17:31:19,935 ERROR [main] - org.scala-ide.sdt.core - org.scala-ide.sdt.core - org.scala-ide.sdt.core - 0 - scala.reflect.internal.MissingRequirementError: object scala in compiler mirror not found.
2021-03-09 17:31:20,212  WARN [org.scalaide.ui.internal.reconciliation.ScalaReconciler] - ScalaProject - Project   has platform default sourceLevel.
2021-03-09 17:31:20,212  WARN [org.scalaide.ui.internal.reconciliation.ScalaReconciler] - ScalaProject - Project   runs on platform default installation.
2021-03-09 17:31:20,222 ERROR [main] - org.scala-ide.sdt.core - org.scala-ide.sdt.core - org.scala-ide.sdt.core - 0 - scala.reflect.internal.MissingRequirementError: object scala in compiler mirror not found.
2021-03-09 17:32:21,889  WARN [org.scalaide.ui.internal.reconciliation.ScalaReconciler] - ScalaProject - Project   has platform default sourceLevel.
2021-03-09 17:32:21,889  WARN [org.scalaide.ui.internal.reconciliation.ScalaReconciler] - ScalaProject - Project   runs on platform default installation.
2021-03-09 17:32:21,899 ERROR [main] - org.scala-ide.sdt.core - org.scala-ide.sdt.core - org.scala-ide.sdt.core - 0 - scala.reflect.internal.MissingRequirementError: object scala in compiler mirror not found.
2021-03-09 17:32:22,110  WARN [org.scalaide.ui.internal.reconciliation.ScalaReconciler] - ScalaProject - Project   has platform default sourceLevel.
2021-03-09 17:32:22,110  WARN [org.scalaide.ui.internal.reconciliation.ScalaReconciler] - ScalaProject - Project   runs on platform default installation.
2021-03-09 17:32:22,120 ERROR [main] - org.scala-ide.sdt.core - org.scala-ide.sdt.core - org.scala-ide.sdt.core - 0 - scala.reflect.internal.MissingRequirementError: object scala in compiler mirror not found.
2021-03-09 17:32:22,408  WARN [org.scalaide.ui.internal.reconciliation.ScalaReconciler] - ScalaProject - Project   has platform default sourceLevel.
2021-03-09 17:32:22,408  WARN [org.scalaide.ui.internal.reconciliation.ScalaReconciler] - ScalaProject - Project   runs on platform default installation.
2021-03-09 17:32:22,419 ERROR [main] - org.scala-ide.sdt.core - org.scala-ide.sdt.core - org.scala-ide.sdt.core - 0 - scala.reflect.internal.MissingRequirementError: object scala in compiler mirror not found.
2021-03-09 17:32:22,626  WARN [org.scalaide.ui.internal.reconciliation.ScalaReconciler] - ScalaProject - Project   has platform default sourceLevel.
2021-03-09 17:32:22,626  WARN [org.scalaide.ui.internal.reconciliation.ScalaReconciler] - ScalaProject - Project   runs on platform default installation.
2021-03-09 17:32:22,636 ERROR [main] - org.scala-ide.sdt.core - org.scala-ide.sdt.core - org.scala-ide.sdt.core - 0 - scala.reflect.internal.MissingRequirementError: object scala in compiler mirror not found.
2021-03-09 17:38:03,898  WARN [org.scalaide.ui.internal.reconciliation.ScalaReconciler] - ScalaProject - Project   has platform default sourceLevel.
2021-03-09 17:38:03,899  WARN [org.scalaide.ui.internal.reconciliation.ScalaReconciler] - ScalaProject - Project   runs on platform default installation.
2021-03-09 17:38:03,909 ERROR [main] - org.scala-ide.sdt.core - org.scala-ide.sdt.core - org.scala-ide.sdt.core - 0 - scala.reflect.internal.MissingRequirementError: object scala in compiler mirror not found.
2021-03-09 17:38:04,414  WARN [org.scalaide.ui.internal.reconciliation.ScalaReconciler] - ScalaProject - Project   has platform default sourceLevel.
2021-03-09 17:38:04,414  WARN [org.scalaide.ui.internal.reconciliation.ScalaReconciler] - ScalaProject - Project   runs on platform default installation.
2021-03-09 17:38:04,424 ERROR [main] - org.scala-ide.sdt.core - org.scala-ide.sdt.core - org.scala-ide.sdt.core - 0 - scala.reflect.internal.MissingRequirementError: object scala in compiler mirror not found.
2021-03-09 17:38:12,007  WARN [org.scalaide.ui.internal.reconciliation.ScalaReconciler] - ScalaProject - Project   has platform default sourceLevel.
2021-03-09 17:38:12,007  WARN [org.scalaide.ui.internal.reconciliation.ScalaReconciler] - ScalaProject - Project   runs on platform default installation.
2021-03-09 17:38:12,017 ERROR [main] - org.scala-ide.sdt.core - org.scala-ide.sdt.core - org.scala-ide.sdt.core - 0 - scala.reflect.internal.MissingRequirementError: object scala in compiler mirror not found.
2021-03-09 17:38:12,527  WARN [org.scalaide.ui.internal.reconciliation.ScalaReconciler] - ScalaProject - Project   has platform default sourceLevel.
2021-03-09 17:38:12,527  WARN [org.scalaide.ui.internal.reconciliation.ScalaReconciler] - ScalaProject - Project   runs on platform default installation.
2021-03-09 17:38:12,536 ERROR [main] - org.scala-ide.sdt.core - org.scala-ide.sdt.core - org.scala-ide.sdt.core - 0 - scala.reflect.internal.MissingRequirementError: object scala in compiler mirror not found.
2021-03-09 17:38:17,911  WARN [org.scalaide.ui.internal.reconciliation.ScalaReconciler] - ScalaProject - Project   has platform default sourceLevel.
2021-03-09 17:38:17,911  WARN [org.scalaide.ui.internal.reconciliation.ScalaReconciler] - ScalaProject - Project   runs on platform default installation.
2021-03-09 17:38:17,921 ERROR [main] - org.scala-ide.sdt.core - org.scala-ide.sdt.core - org.scala-ide.sdt.core - 0 - scala.reflect.internal.MissingRequirementError: object scala in compiler mirror not found.
2021-03-09 17:38:18,417  WARN [org.scalaide.ui.internal.reconciliation.ScalaReconciler] - ScalaProject - Project   has platform default sourceLevel.
2021-03-09 17:38:18,417  WARN [org.scalaide.ui.internal.reconciliation.ScalaReconciler] - ScalaProject - Project   runs on platform default installation.
2021-03-09 17:38:18,426 ERROR [main] - org.scala-ide.sdt.core - org.scala-ide.sdt.core - org.scala-ide.sdt.core - 0 - scala.reflect.internal.MissingRequirementError: object scala in compiler mirror not found.
2021-03-09 18:42:09,299  WARN [org.scalaide.ui.internal.reconciliation.ScalaReconciler] - ScalaProject - Project   has platform default sourceLevel.
2021-03-09 18:42:09,299  WARN [org.scalaide.ui.internal.reconciliation.ScalaReconciler] - ScalaProject - Project   runs on platform default installation.
2021-03-09 18:42:09,312 ERROR [main] - org.scala-ide.sdt.core - org.scala-ide.sdt.core - org.scala-ide.sdt.core - 0 - scala.reflect.internal.MissingRequirementError: object scala in compiler mirror not found.
2021-03-09 18:42:09,812  WARN [org.scalaide.ui.internal.reconciliation.ScalaReconciler] - ScalaProject - Project   has platform default sourceLevel.
2021-03-09 18:42:09,812  WARN [org.scalaide.ui.internal.reconciliation.ScalaReconciler] - ScalaProject - Project   runs on platform default installation.
2021-03-09 18:42:09,822 ERROR [main] - org.scala-ide.sdt.core - org.scala-ide.sdt.core - org.scala-ide.sdt.core - 0 - scala.reflect.internal.MissingRequirementError: object scala in compiler mirror not found.
2021-03-09 18:43:52,857  WARN [main] - ScalaProject - Project   has platform default sourceLevel.
2021-03-09 18:43:52,857  WARN [main] - ScalaProject - Project   runs on platform default installation.
2021-03-09 18:43:53,098 ERROR [main] - org.scala-ide.sdt.core - org.scala-ide.sdt.core - org.scala-ide.sdt.core - 0 - scala.reflect.internal.MissingRequirementError: object scala in compiler mirror not found.
2021-03-09 18:43:53,277  WARN [org.scalaide.ui.internal.reconciliation.ScalaReconciler] - ScalaProject - Project   has platform default sourceLevel.
2021-03-09 18:43:53,277  WARN [org.scalaide.ui.internal.reconciliation.ScalaReconciler] - ScalaProject - Project   runs on platform default installation.
2021-03-09 18:43:53,287 ERROR [main] - org.scala-ide.sdt.core - org.scala-ide.sdt.core - org.scala-ide.sdt.core - 0 - scala.reflect.internal.MissingRequirementError: object scala in compiler mirror not found.
2021-03-09 18:43:53,432  WARN [org.scalaide.ui.internal.reconciliation.ScalaReconciler] - ScalaProject - Project   has platform default sourceLevel.
2021-03-09 18:43:53,432  WARN [org.scalaide.ui.internal.reconciliation.ScalaReconciler] - ScalaProject - Project   runs on platform default installation.
2021-03-09 18:43:53,441 ERROR [main] - org.scala-ide.sdt.core - org.scala-ide.sdt.core - org.scala-ide.sdt.core - 0 - scala.reflect.internal.MissingRequirementError: object scala in compiler mirror not found.
2021-03-09 18:43:53,791  WARN [org.scalaide.ui.internal.reconciliation.ScalaReconciler] - ScalaProject - Project   has platform default sourceLevel.
2021-03-09 18:43:53,791  WARN [org.scalaide.ui.internal.reconciliation.ScalaReconciler] - ScalaProject - Project   runs on platform default installation.
2021-03-09 18:43:53,800 ERROR [main] - org.scala-ide.sdt.core - org.scala-ide.sdt.core - org.scala-ide.sdt.core - 0 - scala.reflect.internal.MissingRequirementError: object scala in compiler mirror not found.
2021-03-09 18:43:54,462  WARN [org.scalaide.ui.internal.reconciliation.ScalaReconciler] - ScalaProject - Project   has platform default sourceLevel.
2021-03-09 18:43:54,462  WARN [org.scalaide.ui.internal.reconciliation.ScalaReconciler] - ScalaProject - Project   runs on platform default installation.
2021-03-09 18:43:54,473 ERROR [main] - org.scala-ide.sdt.core - org.scala-ide.sdt.core - org.scala-ide.sdt.core - 0 - scala.reflect.internal.MissingRequirementError: object scala in compiler mirror not found.
2021-03-09 18:43:54,976  WARN [org.scalaide.ui.internal.reconciliation.ScalaReconciler] - ScalaProject - Project   has platform default sourceLevel.
2021-03-09 18:43:54,976  WARN [org.scalaide.ui.internal.reconciliation.ScalaReconciler] - ScalaProject - Project   runs on platform default installation.
2021-03-09 18:43:54,986 ERROR [main] - org.scala-ide.sdt.core - org.scala-ide.sdt.core - org.scala-ide.sdt.core - 0 - scala.reflect.internal.MissingRequirementError: object scala in compiler mirror not found.
2021-03-09 18:44:05,293  WARN [Text Viewer Hover Presenter] - ScalaProject - Project   has platform default sourceLevel.
2021-03-09 18:44:05,293  WARN [Text Viewer Hover Presenter] - ScalaProject - Project   runs on platform default installation.
2021-03-09 18:44:05,298  WARN [Text Viewer Hover Presenter] - ScalaProject - Project   has platform default sourceLevel.
2021-03-09 18:44:05,298  WARN [Text Viewer Hover Presenter] - ScalaProject - Project   runs on platform default installation.
2021-03-09 18:44:05,303 ERROR [main] - org.scala-ide.sdt.core - org.scala-ide.sdt.core - org.scala-ide.sdt.core - 0 - scala.reflect.internal.MissingRequirementError: object scala in compiler mirror not found.
2021-03-09 18:44:05,308 ERROR [main] - org.scala-ide.sdt.core - org.scala-ide.sdt.core - org.scala-ide.sdt.core - 0 - scala.reflect.internal.MissingRequirementError: object scala in compiler mirror not found.
2021-03-09 18:44:07,109  WARN [Text Viewer Hover Presenter] - ScalaProject - Project   has platform default sourceLevel.
2021-03-09 18:44:07,109  WARN [Text Viewer Hover Presenter] - ScalaProject - Project   runs on platform default installation.
2021-03-09 18:44:07,115  WARN [Text Viewer Hover Presenter] - ScalaProject - Project   has platform default sourceLevel.
2021-03-09 18:44:07,115  WARN [Text Viewer Hover Presenter] - ScalaProject - Project   runs on platform default installation.
2021-03-09 18:44:07,119 ERROR [main] - org.scala-ide.sdt.core - org.scala-ide.sdt.core - org.scala-ide.sdt.core - 0 - scala.reflect.internal.MissingRequirementError: object scala in compiler mirror not found.
2021-03-09 18:44:07,123 ERROR [main] - org.scala-ide.sdt.core - org.scala-ide.sdt.core - org.scala-ide.sdt.core - 0 - scala.reflect.internal.MissingRequirementError: object scala in compiler mirror not found.
2021-03-09 18:44:07,800  WARN [Text Viewer Hover Presenter] - ScalaProject - Project   has platform default sourceLevel.
2021-03-09 18:44:07,800  WARN [Text Viewer Hover Presenter] - ScalaProject - Project   runs on platform default installation.
2021-03-09 18:44:07,805  WARN [Text Viewer Hover Presenter] - ScalaProject - Project   has platform default sourceLevel.
2021-03-09 18:44:07,805  WARN [Text Viewer Hover Presenter] - ScalaProject - Project   runs on platform default installation.
2021-03-09 18:44:07,809 ERROR [main] - org.scala-ide.sdt.core - org.scala-ide.sdt.core - org.scala-ide.sdt.core - 0 - scala.reflect.internal.MissingRequirementError: object scala in compiler mirror not found.
2021-03-09 18:44:07,814 ERROR [main] - org.scala-ide.sdt.core - org.scala-ide.sdt.core - org.scala-ide.sdt.core - 0 - scala.reflect.internal.MissingRequirementError: object scala in compiler mirror not found.
2021-03-09 18:44:09,087  WARN [Text Viewer Hover Presenter] - ScalaProject - Project   has platform default sourceLevel.
2021-03-09 18:44:09,087  WARN [Text Viewer Hover Presenter] - ScalaProject - Project   runs on platform default installation.
2021-03-09 18:44:09,092  WARN [Text Viewer Hover Presenter] - ScalaProject - Project   has platform default sourceLevel.
2021-03-09 18:44:09,092  WARN [Text Viewer Hover Presenter] - ScalaProject - Project   runs on platform default installation.
2021-03-09 18:44:09,097 ERROR [main] - org.scala-ide.sdt.core - org.scala-ide.sdt.core - org.scala-ide.sdt.core - 0 - scala.reflect.internal.MissingRequirementError: object scala in compiler mirror not found.
2021-03-09 18:44:09,102 ERROR [main] - org.scala-ide.sdt.core - org.scala-ide.sdt.core - org.scala-ide.sdt.core - 0 - scala.reflect.internal.MissingRequirementError: object scala in compiler mirror not found.
2021-03-09 18:44:10,896  WARN [Text Viewer Hover Presenter] - ScalaProject - Project   has platform default sourceLevel.
2021-03-09 18:44:10,896  WARN [Text Viewer Hover Presenter] - ScalaProject - Project   runs on platform default installation.
2021-03-09 18:44:10,902  WARN [Text Viewer Hover Presenter] - ScalaProject - Project   has platform default sourceLevel.
2021-03-09 18:44:10,902  WARN [Text Viewer Hover Presenter] - ScalaProject - Project   runs on platform default installation.
2021-03-09 18:44:10,906 ERROR [main] - org.scala-ide.sdt.core - org.scala-ide.sdt.core - org.scala-ide.sdt.core - 0 - scala.reflect.internal.MissingRequirementError: object scala in compiler mirror not found.
2021-03-09 18:44:10,911 ERROR [main] - org.scala-ide.sdt.core - org.scala-ide.sdt.core - org.scala-ide.sdt.core - 0 - scala.reflect.internal.MissingRequirementError: object scala in compiler mirror not found.
2021-03-09 18:44:13,402  WARN [Text Viewer Hover Presenter] - ScalaProject - Project   has platform default sourceLevel.
2021-03-09 18:44:13,402  WARN [Text Viewer Hover Presenter] - ScalaProject - Project   runs on platform default installation.
2021-03-09 18:44:13,408  WARN [Text Viewer Hover Presenter] - ScalaProject - Project   has platform default sourceLevel.
2021-03-09 18:44:13,408  WARN [Text Viewer Hover Presenter] - ScalaProject - Project   runs on platform default installation.
2021-03-09 18:44:13,412 ERROR [main] - org.scala-ide.sdt.core - org.scala-ide.sdt.core - org.scala-ide.sdt.core - 0 - scala.reflect.internal.MissingRequirementError: object scala in compiler mirror not found.
2021-03-09 18:44:13,417 ERROR [main] - org.scala-ide.sdt.core - org.scala-ide.sdt.core - org.scala-ide.sdt.core - 0 - scala.reflect.internal.MissingRequirementError: object scala in compiler mirror not found.
2021-03-09 18:45:05,306  WARN [Text Viewer Hover Presenter] - ScalaProject - Project   has platform default sourceLevel.
2021-03-09 18:45:05,306  WARN [Text Viewer Hover Presenter] - ScalaProject - Project   runs on platform default installation.
2021-03-09 18:45:05,312  WARN [Text Viewer Hover Presenter] - ScalaProject - Project   has platform default sourceLevel.
2021-03-09 18:45:05,312  WARN [Text Viewer Hover Presenter] - ScalaProject - Project   runs on platform default installation.
2021-03-09 18:45:05,316 ERROR [main] - org.scala-ide.sdt.core - org.scala-ide.sdt.core - org.scala-ide.sdt.core - 0 - scala.reflect.internal.MissingRequirementError: object scala in compiler mirror not found.
2021-03-09 18:45:05,320 ERROR [main] - org.scala-ide.sdt.core - org.scala-ide.sdt.core - org.scala-ide.sdt.core - 0 - scala.reflect.internal.MissingRequirementError: object scala in compiler mirror not found.
2021-03-09 18:45:08,872  WARN [Text Viewer Hover Presenter] - ScalaProject - Project   has platform default sourceLevel.
2021-03-09 18:45:08,872  WARN [Text Viewer Hover Presenter] - ScalaProject - Project   runs on platform default installation.
2021-03-09 18:45:08,877  WARN [Text Viewer Hover Presenter] - ScalaProject - Project   has platform default sourceLevel.
2021-03-09 18:45:08,877  WARN [Text Viewer Hover Presenter] - ScalaProject - Project   runs on platform default installation.
2021-03-09 18:45:08,881 ERROR [main] - org.scala-ide.sdt.core - org.scala-ide.sdt.core - org.scala-ide.sdt.core - 0 - scala.reflect.internal.MissingRequirementError: object scala in compiler mirror not found.
2021-03-09 18:45:08,886 ERROR [main] - org.scala-ide.sdt.core - org.scala-ide.sdt.core - org.scala-ide.sdt.core - 0 - scala.reflect.internal.MissingRequirementError: object scala in compiler mirror not found.
2021-03-09 18:49:51,268  WARN [org.scalaide.ui.internal.reconciliation.ScalaReconciler] - ScalaProject - Project   has platform default sourceLevel.
2021-03-09 18:49:51,268  WARN [org.scalaide.ui.internal.reconciliation.ScalaReconciler] - ScalaProject - Project   runs on platform default installation.
2021-03-09 18:49:51,277 ERROR [main] - org.scala-ide.sdt.core - org.scala-ide.sdt.core - org.scala-ide.sdt.core - 0 - scala.reflect.internal.MissingRequirementError: object scala in compiler mirror not found.
2021-03-09 18:49:51,784  WARN [org.scalaide.ui.internal.reconciliation.ScalaReconciler] - ScalaProject - Project   has platform default sourceLevel.
2021-03-09 18:49:51,784  WARN [org.scalaide.ui.internal.reconciliation.ScalaReconciler] - ScalaProject - Project   runs on platform default installation.
2021-03-09 18:49:51,793 ERROR [main] - org.scala-ide.sdt.core - org.scala-ide.sdt.core - org.scala-ide.sdt.core - 0 - scala.reflect.internal.MissingRequirementError: object scala in compiler mirror not found.
2021-03-09 18:50:43,591  WARN [org.scalaide.ui.internal.reconciliation.ScalaReconciler] - ScalaProject - Project   has platform default sourceLevel.
2021-03-09 18:50:43,591  WARN [org.scalaide.ui.internal.reconciliation.ScalaReconciler] - ScalaProject - Project   runs on platform default installation.
2021-03-09 18:50:43,601 ERROR [main] - org.scala-ide.sdt.core - org.scala-ide.sdt.core - org.scala-ide.sdt.core - 0 - scala.reflect.internal.MissingRequirementError: object scala in compiler mirror not found.
2021-03-09 18:50:44,112  WARN [org.scalaide.ui.internal.reconciliation.ScalaReconciler] - ScalaProject - Project   has platform default sourceLevel.
2021-03-09 18:50:44,112  WARN [org.scalaide.ui.internal.reconciliation.ScalaReconciler] - ScalaProject - Project   runs on platform default installation.
2021-03-09 18:50:44,122 ERROR [main] - org.scala-ide.sdt.core - org.scala-ide.sdt.core - org.scala-ide.sdt.core - 0 - scala.reflect.internal.MissingRequirementError: object scala in compiler mirror not found.
2021-03-09 18:51:24,251  WARN [org.scalaide.ui.internal.reconciliation.ScalaReconciler] - ScalaProject - Project   has platform default sourceLevel.
2021-03-09 18:51:24,251  WARN [org.scalaide.ui.internal.reconciliation.ScalaReconciler] - ScalaProject - Project   runs on platform default installation.
2021-03-09 18:51:24,260 ERROR [main] - org.scala-ide.sdt.core - org.scala-ide.sdt.core - org.scala-ide.sdt.core - 0 - scala.reflect.internal.MissingRequirementError: object scala in compiler mirror not found.
2021-03-09 18:51:24,757  WARN [org.scalaide.ui.internal.reconciliation.ScalaReconciler] - ScalaProject - Project   has platform default sourceLevel.
2021-03-09 18:51:24,757  WARN [org.scalaide.ui.internal.reconciliation.ScalaReconciler] - ScalaProject - Project   runs on platform default installation.
2021-03-09 18:51:24,766 ERROR [main] - org.scala-ide.sdt.core - org.scala-ide.sdt.core - org.scala-ide.sdt.core - 0 - scala.reflect.internal.MissingRequirementError: object scala in compiler mirror not found.
2021-03-09 18:51:38,663  WARN [main] - ScalaProject - Project   has platform default sourceLevel.
2021-03-09 18:51:38,663  WARN [main] - ScalaProject - Project   runs on platform default installation.
2021-03-09 18:51:38,700 ERROR [main] - org.scala-ide.sdt.core - org.scala-ide.sdt.core - org.scala-ide.sdt.core - 0 - scala.reflect.internal.MissingRequirementError: object scala in compiler mirror not found.
2021-03-09 18:51:39,431  WARN [org.scalaide.ui.internal.reconciliation.ScalaReconciler] - ScalaProject - Project   has platform default sourceLevel.
2021-03-09 18:51:39,431  WARN [org.scalaide.ui.internal.reconciliation.ScalaReconciler] - ScalaProject - Project   runs on platform default installation.
2021-03-09 18:51:39,441 ERROR [main] - org.scala-ide.sdt.core - org.scala-ide.sdt.core - org.scala-ide.sdt.core - 0 - scala.reflect.internal.MissingRequirementError: object scala in compiler mirror not found.
2021-03-09 18:51:40,541  WARN [main] - ScalaProject - Project   has platform default sourceLevel.
2021-03-09 18:51:40,541  WARN [main] - ScalaProject - Project   runs on platform default installation.
2021-03-09 18:51:40,553 ERROR [main] - org.scala-ide.sdt.core - org.scala-ide.sdt.core - org.scala-ide.sdt.core - 0 - scala.reflect.internal.MissingRequirementError: object scala in compiler mirror not found.
2021-03-09 18:51:40,780  WARN [main] - ScalaProject - Project   has platform default sourceLevel.
2021-03-09 18:51:40,780  WARN [main] - ScalaProject - Project   runs on platform default installation.
2021-03-09 18:51:40,795 ERROR [main] - org.scala-ide.sdt.core - org.scala-ide.sdt.core - org.scala-ide.sdt.core - 0 - scala.reflect.internal.MissingRequirementError: object scala in compiler mirror not found.
2021-03-09 18:51:41,365  WARN [main] - ScalaProject - Project   has platform default sourceLevel.
2021-03-09 18:51:41,365  WARN [main] - ScalaProject - Project   runs on platform default installation.
2021-03-09 18:51:41,378 ERROR [main] - org.scala-ide.sdt.core - org.scala-ide.sdt.core - org.scala-ide.sdt.core - 0 - scala.reflect.internal.MissingRequirementError: object scala in compiler mirror not found.
2021-03-09 18:51:41,909  WARN [main] - ScalaProject - Project   has platform default sourceLevel.
2021-03-09 18:51:41,909  WARN [main] - ScalaProject - Project   runs on platform default installation.
2021-03-09 18:51:41,921 ERROR [main] - org.scala-ide.sdt.core - org.scala-ide.sdt.core - org.scala-ide.sdt.core - 0 - scala.reflect.internal.MissingRequirementError: object scala in compiler mirror not found.
2021-03-09 18:51:42,108  WARN [main] - ScalaProject - Project   has platform default sourceLevel.
2021-03-09 18:51:42,108  WARN [main] - ScalaProject - Project   runs on platform default installation.
2021-03-09 18:51:42,121 ERROR [main] - org.scala-ide.sdt.core - org.scala-ide.sdt.core - org.scala-ide.sdt.core - 0 - scala.reflect.internal.MissingRequirementError: object scala in compiler mirror not found.
2021-03-09 18:51:42,278  WARN [main] - ScalaProject - Project   has platform default sourceLevel.
2021-03-09 18:51:42,278  WARN [main] - ScalaProject - Project   runs on platform default installation.
2021-03-09 18:51:42,290 ERROR [main] - org.scala-ide.sdt.core - org.scala-ide.sdt.core - org.scala-ide.sdt.core - 0 - scala.reflect.internal.MissingRequirementError: object scala in compiler mirror not found.
2021-03-09 18:51:42,636  WARN [main] - ScalaProject - Project   has platform default sourceLevel.
2021-03-09 18:51:42,636  WARN [main] - ScalaProject - Project   runs on platform default installation.
2021-03-09 18:51:42,649 ERROR [main] - org.scala-ide.sdt.core - org.scala-ide.sdt.core - org.scala-ide.sdt.core - 0 - scala.reflect.internal.MissingRequirementError: object scala in compiler mirror not found.
2021-03-09 18:51:43,077  WARN [main] - ScalaProject - Project   has platform default sourceLevel.
2021-03-09 18:51:43,078  WARN [main] - ScalaProject - Project   runs on platform default installation.
2021-03-09 18:51:43,090 ERROR [main] - org.scala-ide.sdt.core - org.scala-ide.sdt.core - org.scala-ide.sdt.core - 0 - scala.reflect.internal.MissingRequirementError: object scala in compiler mirror not found.
2021-03-09 18:51:43,141  WARN [main] - ScalaProject - Project   has platform default sourceLevel.
2021-03-09 18:51:43,141  WARN [main] - ScalaProject - Project   runs on platform default installation.
2021-03-09 18:51:43,155 ERROR [main] - org.scala-ide.sdt.core - org.scala-ide.sdt.core - org.scala-ide.sdt.core - 0 - scala.reflect.internal.MissingRequirementError: object scala in compiler mirror not found.
2021-03-09 18:51:43,276  WARN [main] - ScalaProject - Project   has platform default sourceLevel.
2021-03-09 18:51:43,276  WARN [main] - ScalaProject - Project   runs on platform default installation.
2021-03-09 18:51:43,290 ERROR [main] - org.scala-ide.sdt.core - org.scala-ide.sdt.core - org.scala-ide.sdt.core - 0 - scala.reflect.internal.MissingRequirementError: object scala in compiler mirror not found.
2021-03-09 18:51:43,404  WARN [main] - ScalaProject - Project   has platform default sourceLevel.
2021-03-09 18:51:43,404  WARN [main] - ScalaProject - Project   runs on platform default installation.
2021-03-09 18:51:43,416 ERROR [main] - org.scala-ide.sdt.core - org.scala-ide.sdt.core - org.scala-ide.sdt.core - 0 - scala.reflect.internal.MissingRequirementError: object scala in compiler mirror not found.
2021-03-09 18:51:43,987  WARN [org.scalaide.ui.internal.reconciliation.ScalaReconciler] - ScalaProject - Project   has platform default sourceLevel.
2021-03-09 18:51:43,987  WARN [org.scalaide.ui.internal.reconciliation.ScalaReconciler] - ScalaProject - Project   runs on platform default installation.
2021-03-09 18:51:43,997 ERROR [main] - org.scala-ide.sdt.core - org.scala-ide.sdt.core - org.scala-ide.sdt.core - 0 - scala.reflect.internal.MissingRequirementError: object scala in compiler mirror not found.
2021-03-09 18:51:44,494  WARN [org.scalaide.ui.internal.reconciliation.ScalaReconciler] - ScalaProject - Project   has platform default sourceLevel.
2021-03-09 18:51:44,494  WARN [org.scalaide.ui.internal.reconciliation.ScalaReconciler] - ScalaProject - Project   runs on platform default installation.
2021-03-09 18:51:44,504 ERROR [main] - org.scala-ide.sdt.core - org.scala-ide.sdt.core - org.scala-ide.sdt.core - 0 - scala.reflect.internal.MissingRequirementError: object scala in compiler mirror not found.
2021-03-09 18:51:45,014  WARN [org.scalaide.ui.internal.reconciliation.ScalaReconciler] - ScalaProject - Project   has platform default sourceLevel.
2021-03-09 18:51:45,014  WARN [org.scalaide.ui.internal.reconciliation.ScalaReconciler] - ScalaProject - Project   runs on platform default installation.
2021-03-09 18:51:45,024 ERROR [main] - org.scala-ide.sdt.core - org.scala-ide.sdt.core - org.scala-ide.sdt.core - 0 - scala.reflect.internal.MissingRequirementError: object scala in compiler mirror not found.
